I1209 11:08:34.297204 filer_server.go:171 default to create filer store dir in ./filerldb2
I1209 11:08:34.298470 masterclient.go:228 master localhost:1111 redirected to leader 192.168.1.3:1111
I1209 11:08:34.398859 leveldb2_store.go:43 filer store leveldb2 dir: ./filerldb2
I1209 11:08:34.398859 file_util.go:27 Folder ./filerldb2 Permission: -rwxrwxrwx
E1209 11:08:34.398859 leveldb2_store.go:64 filer store open dir ./filerldb2/00: The process cannot access the file because it is being used by another process.
F1209 11:08:34.665424 configuration.go:25 failed to initialize store for leveldb2: The process cannot access the file because it is being used by another process.
goroutine 1 [running]:
github.com/seaweedfs/seaweedfs/weed/glog.stacks(0x0)
	/github/workspace/weed/glog/glog.go:768 +0x85
github.com/seaweedfs/seaweedfs/weed/glog.(*loggingT).output(0x4dbc9c0, 0x3, 0xc0006af3b0, {0x3b9eee2?, 0xc000097740?}, 0x2?, 0x0)
	/github/workspace/weed/glog/glog.go:719 +0x38a
github.com/seaweedfs/seaweedfs/weed/glog.(*loggingT).printf(0x4dbc9c0, 0x3, {0x2d15d58, 0x26}, {0xc000097740, 0x2, 0x2})
	/github/workspace/weed/glog/glog.go:657 +0x10a
github.com/seaweedfs/seaweedfs/weed/glog.Fatalf(...)
	/github/workspace/weed/glog/glog.go:1154
github.com/seaweedfs/seaweedfs/weed/filer.(*Filer).LoadConfiguration(0xc0005262c0, 0x4db17d0)
	/github/workspace/weed/filer/configuration.go:25 +0xaf9
github.com/seaweedfs/seaweedfs/weed/server.NewFilerServer(0xc0004b8c40, 0xc0004b8c40, 0xc0001e6c00)
	/github/workspace/weed/server/filer_server.go:183 +0xe25
github.com/seaweedfs/seaweedfs/weed/command.(*FilerOptions).startFiler(0x4dbd0e0)
	/github/workspace/weed/command/filer.go:271 +0x412
github.com/seaweedfs/seaweedfs/weed/command.runFiler(0x4d95318?, {0xc00015a020?, 0x4?, 0x6?})
	/github/workspace/weed/command/filer.go:235 +0x49c
main.main()
	/github/workspace/weed/weed.go:97 +0x3bc
